
 Ansys Mechanical Enterprise Academic Research     


 *------------------------------------------------------------------*
 |                                                                  |
 |   W E L C O M E   T O   T H E   A N S Y S (R)  P R O G R A M     |
 |                                                                  |
 *------------------------------------------------------------------*




 ***************************************************************
 *         ANSYS MAPDL 2024 R2          LEGAL NOTICES          *
 ***************************************************************
 *                                                             *
 * Copyright 1971-2024 Ansys, Inc.  All rights reserved.       *
 * Unauthorized use, distribution or duplication is            *
 * prohibited.                                                 *
 *                                                             *
 * Ansys is a registered trademark of Ansys, Inc. or its       *
 * subsidiaries in the United States or other countries.       *
 * See the Ansys, Inc. online documentation or the Ansys, Inc. *
 * documentation CD or online help for the complete Legal      *
 * Notice.                                                     *
 *                                                             *
 ***************************************************************
 *                                                             *
 * THIS ANSYS SOFTWARE PRODUCT AND PROGRAM DOCUMENTATION       *
 * INCLUDE TRADE SECRETS AND CONFIDENTIAL AND PROPRIETARY      *
 * PRODUCTS OF ANSYS, INC., ITS SUBSIDIARIES, OR LICENSORS.    *
 * The software products and documentation are furnished by    *
 * Ansys, Inc. or its subsidiaries under a software license    *
 * agreement that contains provisions concerning               *
 * non-disclosure, copying, length and nature of use,          *
 * compliance with exporting laws, warranties, disclaimers,    *
 * limitations of liability, and remedies, and other           *
 * provisions.  The software products and documentation may be *
 * used, disclosed, transferred, or copied only in accordance  *
 * with the terms and conditions of that software license      *
 * agreement.                                                  *
 *                                                             *
 * Ansys, Inc. is a UL registered                              *
 * ISO 9001:2015 company.                                      *
 *                                                             *
 ***************************************************************
 *                                                             *
 * This product is subject to U.S. laws governing export and   *
 * re-export.                                                  *
 *                                                             *
 * For U.S. Government users, except as specifically granted   *
 * by the Ansys, Inc. software license agreement, the use,     *
 * duplication, or disclosure by the United States Government  *
 * is subject to restrictions stated in the Ansys, Inc.        *
 * software license agreement and FAR 12.212 (for non-DOD      *
 * licenses).                                                  *
 *                                                             *
 ***************************************************************

 2024 R2 
     
 Point Releases and Patches installed:   
     
 Ansys, Inc. License Manager 2024 R2 
 Viewer 2024 R2  
 Discovery 2024 R2   
 Core WB Files 2024 R2   
 SpaceClaim 2024 R2  
 Icepak (includes CFD-Post) 2024 R2  
 Ansys Dynamic Reporting 2024 R2 
 CFD-Post only 2024 R2   
 CFX (includes CFD-Post) 2024 R2 
 Chemkin 2024 R2 
 EnSight 2024 R2 
 FENSAP-ICE 2024 R2  
 Fluent (includes CFD-Post) 2024 R2  
 Polyflow (includes CFD-Post) 2024 R2
 Forte (includes EnSight) 2024 R2
 ICEM CFD 2024 R2
 TurboGrid 2024 R2   
 Speos 2024 R2   
 Speos HPC 2024 R2   
 Zemax OpticStudio 2024 R2   
 optiSLang 2024 R2   
 Remote Solve Manager Standalone Services 2024 R2
 Additive 2024 R2
 Aqwa 2024 R2
 Autodyn 2024 R2 
 Customization Files for User Programmable Features 2024 R2  
 LS-DYNA 2024 R2 
 Material Calibration App 2024 R2
 Mechanical Products 2024 R2 
 Motion 2024 R2  
 Sherlock 2024 R2
 Sound - SAS 2024 R2 
 ACIS Geometry Interface 2024 R2 
 AutoCAD Geometry Interface 2024 R2  
 Catia, Version 4 Geometry Interface 2024 R2 
 Catia, Version 5 Geometry Interface 2024 R2 
 Catia, Version 6 Geometry Interface 2024 R2 
 Creo Elements/Direct Modeling Geometry Interface 2024 R2
 Creo Parametric Geometry Interface 2024 R2  
 Inventor Geometry Interface 2024 R2 
 JTOpen Geometry Interface 2024 R2   
 NX Geometry Interface 2024 R2   
 Parasolid Geometry Interface  2024 R2   
 Solid Edge Geometry Interface 2024 R2   
 SOLIDWORKS Geometry Interface 2024 R2   


          *****  MAPDL COMMAND LINE ARGUMENTS  *****
  BATCH MODE REQUESTED (-b)    = NOLIST
  INPUT FILE COPY MODE (-c)    = COPY
  DISTRIBUTED MEMORY PARALLEL REQUESTED
       4 PARALLEL PROCESSES REQUESTED WITH SINGLE THREAD PER PROCESS
    TOTAL OF     4 CORES REQUESTED
  INPUT FILE NAME              = C:\Users\Maaz Akhtar\Desktop\_ProjectScratch\ScrBBF8\dummy.dat
  OUTPUT FILE NAME             = C:\Users\Maaz Akhtar\Desktop\_ProjectScratch\ScrBBF8\solve.out
  START-UP FILE MODE           = NOREAD
  STOP FILE MODE               = NOREAD

 RELEASE= 2024 R2              BUILD= 24.2      UP20240603   VERSION=WINDOWS x64 
 CURRENT JOBNAME=file0  13:22:28  APR 28, 2025 CP=      0.125


 PARAMETER _DS_PROGRESS =     999.0000000    

 /INPUT FILE= ds.dat  LINE=       0



 *** NOTE ***                            CP =       0.453   TIME= 13:22:29
 The /CONFIG,NOELDB command is not valid in a distributed memory         
 parallel solution.  Command is ignored.                                 

 *GET  _WALLSTRT  FROM  ACTI  ITEM=TIME WALL  VALUE=  13.3747222    

 TITLE= 
 CLL251 project--Steady-State Thermal (A5)                                     

  ACT Extensions:
      LSDYNA, 2024.2
      5f463412-bd3e-484b-87e7-cbc0a665e474, wbex
 /COM,     ANSYSMotion, 2024.2
      20180725-3f81-49eb-9f31-41364844c769, wbex
  

 SET PARAMETER DIMENSIONS ON  _WB_PROJECTSCRATCH_DIR
  TYPE=STRI  DIMENSIONS=      248        1        1

 PARAMETER _WB_PROJECTSCRATCH_DIR(1) = C:\Users\Maaz Akhtar\Desktop\_ProjectScratch\ScrBBF8\

 SET PARAMETER DIMENSIONS ON  _WB_SOLVERFILES_DIR
  TYPE=STRI  DIMENSIONS=      248        1        1

 PARAMETER _WB_SOLVERFILES_DIR(1) = C:\Users\Maaz Akhtar\Desktop\CLL251 project_files\dp0\SYS\MECH\

 SET PARAMETER DIMENSIONS ON  _WB_USERFILES_DIR
  TYPE=STRI  DIMENSIONS=      248        1        1

 PARAMETER _WB_USERFILES_DIR(1) = C:\Users\Maaz Akhtar\Desktop\CLL251 project_files\user_files\
 --- Data in consistent NMM units. See Solving Units in the help system for more

 MPA UNITS SPECIFIED FOR INTERNAL    
  LENGTH      = MILLIMETERS (mm)
  MASS        = TONNE (Mg)
  TIME        = SECONDS (sec)
  TEMPERATURE = CELSIUS (C)
  TOFFSET     = 273.0
  FORCE       = NEWTON (N)
  HEAT        = MILLIJOULES (mJ)

 INPUT  UNITS ARE ALSO SET TO MPA 

 *** MAPDL - ENGINEERING ANALYSIS SYSTEM  RELEASE 2024 R2          24.2     ***
 Ansys Mechanical Enterprise Academic Research     
 00611962  VERSION=WINDOWS x64   13:22:29  APR 28, 2025 CP=      0.484

 CLL251 project--Steady-State Thermal (A5)                                     



          ***** MAPDL ANALYSIS DEFINITION (PREP7) *****
 *********** Nodes for the whole assembly ***********
 *********** Elements for Body 1 'alm' ***********
 *********** Elements for Body 2 'teflon' ***********
 *********** Send User Defined Coordinate System(s) ***********
 *********** Send Materials ***********
 *********** Create Contact "Contact Region" ***********
             Real Constant Set For Above Contact Is 4 & 3
 *********** Define Temperature Constraint ***********
 *********** Define Temperature Constraint ***********
 *********** Create "ToSurface(Open)" Radiation ***********
 *********** Create "ToSurface(Open)" Radiation ***********
 ***************** Define Uniform Initial temperature ***************


 ***** ROUTINE COMPLETED *****  CP =         1.359


 --- Number of total nodes = 50779
 --- Number of contact elements = 1120
 --- Number of spring elements = 0
 --- Number of bearing elements = 0
 --- Number of solid elements = 11200
 --- Number of condensed parts = 0
 --- Number of total elements = 12320

 *GET  _WALLBSOL  FROM  ACTI  ITEM=TIME WALL  VALUE=  13.3747222    
 ****************************************************************************
 *************************    SOLUTION       ********************************
 ****************************************************************************

 *****  MAPDL SOLUTION ROUTINE  *****


 PERFORM A STATIC ANALYSIS
  THIS WILL BE A NEW ANALYSIS

 CONTACT INFORMATION PRINTOUT LEVEL       1

 DO NOT SAVE ANY RESTART FILES AT ALL

 DO NOT COMBINE ELEMENT MATRIX FILES (.emat) AFTER DISTRIBUTED PARALLEL SOLUTION

 DO NOT COMBINE ELEMENT SAVE DATA FILES (.esav) AFTER DISTRIBUTED PARALLEL SOLUTION
 ****************************************************
 ******************* SOLVE FOR LS 1 OF 1 ****************

 SPECIFIED CONSTRAINT TEMP FOR PICKED NODES 
 REAL=  600.000000       IMAG=  0.00000000    

 SPECIFIED CONSTRAINT TEMP FOR PICKED NODES 
 REAL=  22.0000000       IMAG=  0.00000000    

 SPECIFIED SURFACE LOAD RDSF FOR ALL PICKED ELEMENTS  LKEY = 3   KVAL = 1
     VALUES =    0.10000        0.10000        0.10000        0.10000    

 SPECIFIED SURFACE LOAD RDSF FOR ALL PICKED ELEMENTS  LKEY = 3   KVAL = 2
     VALUES =     1.0000         1.0000         1.0000         1.0000    

 SPECIFIED SURFACE LOAD RDSF FOR ALL PICKED ELEMENTS  LKEY = 4   KVAL = 1
     VALUES =    0.10000        0.10000        0.10000        0.10000    

 SPECIFIED SURFACE LOAD RDSF FOR ALL PICKED ELEMENTS  LKEY = 4   KVAL = 2
     VALUES =     1.0000         1.0000         1.0000         1.0000    

 ALL SELECT   FOR ITEM=NODE COMPONENT=    
  IN RANGE         1 TO      50779 STEP          1

      50779  NODES (OF      50779  DEFINED) SELECTED BY NSEL  COMMAND.

 ALL SELECT   FOR ITEM=ELEM COMPONENT=    
  IN RANGE         1 TO      16160 STEP          1

      12320  ELEMENTS (OF      12320  DEFINED) SELECTED BY  ESEL  COMMAND.

 SPECIFIED CONSTRAINT TEMP FOR PICKED NODES 
 REAL=  22.0000000       IMAG=  0.00000000    

 SPECIFIED SURFACE LOAD RDSF FOR ALL PICKED ELEMENTS  LKEY = 3   KVAL = 1
     VALUES =    0.95000        0.95000        0.95000        0.95000    

 SPECIFIED SURFACE LOAD RDSF FOR ALL PICKED ELEMENTS  LKEY = 3   KVAL = 2
     VALUES =     1.0000         1.0000         1.0000         1.0000    

 SPECIFIED SURFACE LOAD RDSF FOR ALL PICKED ELEMENTS  LKEY = 4   KVAL = 1
     VALUES =    0.95000        0.95000        0.95000        0.95000    

 SPECIFIED SURFACE LOAD RDSF FOR ALL PICKED ELEMENTS  LKEY = 4   KVAL = 2
     VALUES =     1.0000         1.0000         1.0000         1.0000    

 ALL SELECT   FOR ITEM=NODE COMPONENT=    
  IN RANGE         1 TO      50779 STEP          1

      50779  NODES (OF      50779  DEFINED) SELECTED BY NSEL  COMMAND.

 ALL SELECT   FOR ITEM=ELEM COMPONENT=    
  IN RANGE         1 TO      16160 STEP          1

      12320  ELEMENTS (OF      12320  DEFINED) SELECTED BY  ESEL  COMMAND.

 ALL SELECT   FOR ITEM=NODE COMPONENT=    
  IN RANGE         1 TO      50779 STEP          1

      50779  NODES (OF      50779  DEFINED) SELECTED BY NSEL  COMMAND.

 ALL SELECT   FOR ITEM=ELEM COMPONENT=    
  IN RANGE         1 TO      16160 STEP          1

      12320  ELEMENTS (OF      12320  DEFINED) SELECTED BY  ESEL  COMMAND.

 PRINTOUT RESUMED BY /GOP

 USE AUTOMATIC TIME STEPPING THIS LOAD STEP

 USE       1 SUBSTEPS INITIALLY THIS LOAD STEP FOR ALL  DEGREES OF FREEDOM
 FOR AUTOMATIC TIME STEPPING:
   USE     10 SUBSTEPS AS A MAXIMUM
   USE      1 SUBSTEPS AS A MINIMUM

 TIME=  1.0000    

 ERASE THE CURRENT DATABASE OUTPUT CONTROL TABLE.


 WRITE ALL  ITEMS TO THE DATABASE WITH A FREQUENCY OF NONE
   FOR ALL APPLICABLE ENTITIES

 WRITE NSOL ITEMS TO THE DATABASE WITH A FREQUENCY OF ALL 
   FOR ALL APPLICABLE ENTITIES

 WRITE RSOL ITEMS TO THE DATABASE WITH A FREQUENCY OF ALL 
   FOR ALL APPLICABLE ENTITIES

 WRITE EANG ITEMS TO THE DATABASE WITH A FREQUENCY OF ALL 
   FOR ALL APPLICABLE ENTITIES

 WRITE VENG ITEMS TO THE DATABASE WITH A FREQUENCY OF ALL 
   FOR ALL APPLICABLE ENTITIES

 WRITE FFLU ITEMS TO THE DATABASE WITH A FREQUENCY OF ALL 
   FOR ALL APPLICABLE ENTITIES

 WRITE CONT ITEMS TO THE DATABASE WITH A FREQUENCY OF ALL 
   FOR ALL APPLICABLE ENTITIES

 WRITE MISC ITEMS TO THE DATABASE WITH A FREQUENCY OF ALL 
   FOR ALL APPLICABLE ENTITIES

 CONVERGENCE ON HEAT BASED ON THE NORM OF THE N-R LOAD
   WITH A TOLERANCE OF 0.1000E-03 AND A MINIMUM REFERENCE VALUE OF 0.1000E-02
   USING THE L2 NORM (CHECK THE SRSS VALUE)

 UNDER RELAXATION FOR RADIATION FLUX=   0.10000

 TOLERENCE FOR RADIOSITY FLUX=   0.00010

 USING JACOBI ITERATIVE SOLVER FOR RADIOSITY SOLUTION
 FOR 3D ENCLOSURES.
 USING GSEIDEL ITERATIVE SOLVER FOR RADIOSITY SOLUTION
 FOR 2D ENCLOSURES.

 MAXIMUM NUMBER OF ITERATIONS=  1000
 TOLERENCE FOR ITERATIVE SOLVER=   0.00010
 RELAXATION FOR ITERATIVE SOLVER=   0.10000

 HEMICUBE RESOLUTION=   10

 MIN NORMALIZED DIST BEFORE AUTO SUBDIVIDE= 1.000000000E-09

 SELECT      COMPONENT _CM38                                                                                                                                                                                                                                                           

 SELECT      ALL ELEMENTS HAVING ANY NODE IN NODAL SET.

        840 ELEMENTS (OF      12320  DEFINED) SELECTED FROM
      909 SELECTED NODES BY  ESLN COMMAND.

BEFORE SYMMETRIZATION:

NUMBER OF RADIATION NODES CREATED =        315

NUMBER OF RADIOSITY SURFACE ELEMENTS CREATED =        280

AFTER SYMMETRIZATION:

FULL NUMBER OF RADIATION NODES CREATED =        315

FULL NUMBER OF RADIOSITY SURFACE ELEMENTS CREATED =       280

 ALL SELECT   FOR ITEM=NODE COMPONENT=    
  IN RANGE         1 TO      51094 STEP          1

      51094  NODES (OF      51094  DEFINED) SELECTED BY NSEL  COMMAND.

 ALL SELECT   FOR ITEM=ELEM COMPONENT=    
  IN RANGE         1 TO      16440 STEP          1

      12600  ELEMENTS (OF      12600  DEFINED) SELECTED BY  ESEL  COMMAND.

 SELECT      COMPONENT _CM40                                                                                                                                                                                                                                                           

 SELECT      ALL ELEMENTS HAVING ANY NODE IN NODAL SET.

        840 ELEMENTS (OF      12600  DEFINED) SELECTED FROM
      909 SELECTED NODES BY  ESLN COMMAND.

BEFORE SYMMETRIZATION:

NUMBER OF RADIATION NODES CREATED =        315

NUMBER OF RADIOSITY SURFACE ELEMENTS CREATED =        280

AFTER SYMMETRIZATION:

FULL NUMBER OF RADIATION NODES CREATED =        315

FULL NUMBER OF RADIOSITY SURFACE ELEMENTS CREATED =       280

 ALL SELECT   FOR ITEM=NODE COMPONENT=    
  IN RANGE         1 TO      51409 STEP          1

      51409  NODES (OF      51409  DEFINED) SELECTED BY NSEL  COMMAND.

 ALL SELECT   FOR ITEM=ELEM COMPONENT=    
  IN RANGE         1 TO      16720 STEP          1

      12880  ELEMENTS (OF      12880  DEFINED) SELECTED BY  ESEL  COMMAND.

 *GET  ANSINTER_  FROM  ACTI  ITEM=INT        VALUE=  0.00000000    

 *IF  ANSINTER_  ( =   0.00000     )  NE  
      0  ( =   0.00000     )  THEN    

 *ENDIF

 *** NOTE ***                            CP =       1.484   TIME= 13:22:29
 The automatic domain decomposition logic has selected the MESH domain   
 decomposition method with 4 processes per solution.                     

 *****  MAPDL SOLVE    COMMAND  *****

 CALCULATING VIEW FACTORS USING HEMICUBE METHOD

 RETRIEVED    1 ENCLOSURES.
 TOTAL OF      560 DEFINED ELEMENT FACES.

 # ENCLOSURE =     1 # SURFACES =   560 # NODES =   630

TIME OF CALCULATION FOR THIS ENCLOSURE =   0.625000E-01

 CHECKING VIEW FACTOR SUM

 VIEW FACTOR CALCULATION COMPLETE

 WRITING VIEW FACTORS TO FILE file0.vf                                                                                                                                                                                                                                                            
 VIEW FACTORS WERE WRITTEN TO FILE file0.vf                                                                                                                                                                                                                                                            

 *** WARNING ***                         CP =       2.047   TIME= 13:22:29
 Element shape checking is currently inactive.  Issue SHPP,ON or         
 SHPP,WARN to reactivate, if desired.                                    

 *** NOTE ***                            CP =       2.109   TIME= 13:22:29
 The model data was checked and warning messages were found.             
  Please review output or errors file ( C:\Users\Maaz                    
 Akhtar\Desktop\_ProjectScratch\ScrBBF8\file0.err ) for these warning    
 messages.                                                               

 *** MAPDL - ENGINEERING ANALYSIS SYSTEM  RELEASE 2024 R2          24.2     ***
 Ansys Mechanical Enterprise Academic Research     
 00611962  VERSION=WINDOWS x64   13:22:29  APR 28, 2025 CP=      2.109

 CLL251 project--Steady-State Thermal (A5)                                     



                       S O L U T I O N   O P T I O N S

   PROBLEM DIMENSIONALITY. . . . . . . . . . . . .3-D                  
   DEGREES OF FREEDOM. . . . . . TEMP
   ANALYSIS TYPE . . . . . . . . . . . . . . . . .STATIC (STEADY-STATE)
   OFFSET TEMPERATURE FROM ABSOLUTE ZERO . . . . .  273.15    
   GLOBALLY ASSEMBLED MATRIX . . . . . . . . . . .SYMMETRIC  

 *** NOTE ***                            CP =       2.172   TIME= 13:22:29
 This nonlinear analysis defaults to using the full Newton-Raphson       
 solution procedure.  This can be modified using the NROPT command.      

 *** NOTE ***                            CP =       2.172   TIME= 13:22:29
 The conditions for direct assembly have been met.  No .emat or .erot    
 files will be produced.                                                 

 *** NOTE ***                            CP =       2.609   TIME= 13:22:29
 Symmetric Deformable- deformable contact pair identified by real        
 constant set 3 and contact element type 3 has been set up.  The         
 companion pair has real constant set ID 4.  Both pairs should have the  
 same behavior.                                                          
 *WARNING*: The contact pairs have similar mesh patterns.  MAPDL will    
 keep the current pair and deactivate its companion pair.                
 Pure thermal contact is activated.
 The emissivity is defined through the material property.
 Thermal convection coefficient, environment temperature, and
  heat flux are defined using the SFE command.
 Target temperature is used for convection/radiation calculation
  for near field contact.
 Small sliding logic is assumed
 Contact detection at: Gauss integration point
 Average contact surface length                2.9649    
 Average contact pair depth                    3.0000    
 Average target surface length                 2.9286    
 User defined pinball region PINB             0.35021    
 Initial penetration/gap is excluded.
 Bonded contact (always) is defined.
 Thermal contact conductance coef. TCC         16954.    
 Heat radiation is excluded.

 *** NOTE ***                            CP =       2.609   TIME= 13:22:29
 Min.  Initial gap 0.1 was detected between contact element 15515 and    
 target element 16066.                                                   
 Contact is detected due to initial settings.                            
 ****************************************
  

 *** NOTE ***                            CP =       2.609   TIME= 13:22:29
 Symmetric Deformable- deformable contact pair identified by real        
 constant set 4 and contact element type 3 has been set up.  The         
 companion pair has real constant set ID 3.  Both pairs should have the  
 same behavior.                                                          
 MAPDL will deactivate the current pair and keep its companion pair,     
 resulting in asymmetric contact.                                        
 Pure thermal contact is activated.
 The emissivity is defined through the material property.
 Thermal convection coefficient, environment temperature, and
  heat flux are defined using the SFE command.
 Target temperature is used for convection/radiation calculation
  for near field contact.
 Small sliding logic is assumed
 Contact detection at: Gauss integration point
 Average contact surface length                2.9649    
 Average contact pair depth                    3.0000    
 Average target surface length                 2.9286    
 User defined pinball region PINB             0.35021    
 Initial penetration/gap is excluded.
 Bonded contact (always) is defined.
 Thermal contact conductance coef. TCC         16954.    
 Heat radiation is excluded.

 *** NOTE ***                            CP =       2.609   TIME= 13:22:29
 Min.  Initial gap 0.1 was detected between contact element 15618 and    
 target element 15043.                                                   
 Contact is detected due to initial settings.                            
 ****************************************
  
  
  

  
  
     D I S T R I B U T E D   D O M A I N   D E C O M P O S E R
  
  ...Number of elements: 12880
  ...Number of nodes:    51409
  ...Decompose to 4 CPU domains
  ...Element load balance ratio =     1.165


                      L O A D   S T E P   O P T I O N S

   LOAD STEP NUMBER. . . . . . . . . . . . . . . .     1
   TIME AT END OF THE LOAD STEP. . . . . . . . . .  1.0000    
   AUTOMATIC TIME STEPPING . . . . . . . . . . . .    ON
      INITIAL NUMBER OF SUBSTEPS . . . . . . . . .     1
      MAXIMUM NUMBER OF SUBSTEPS . . . . . . . . .    10
      MINIMUM NUMBER OF SUBSTEPS . . . . . . . . .     1
   MAXIMUM NUMBER OF EQUILIBRIUM ITERATIONS. . . .    15
   STEP CHANGE BOUNDARY CONDITIONS . . . . . . . .    NO
   TERMINATE ANALYSIS IF NOT CONVERGED . . . . . .YES (EXIT)  
   CONVERGENCE CONTROLS
      LABEL   REFERENCE    TOLERANCE  NORM     MINREF
       HEAT    0.000       0.1000E-03   2     0.1000E-02
   PRINT OUTPUT CONTROLS . . . . . . . . . . . . .NO PRINTOUT
   DATABASE OUTPUT CONTROLS
      ITEM     FREQUENCY   COMPONENT
       ALL       NONE               
      NSOL        ALL               
      RSOL        ALL               
      EANG        ALL               
      VENG        ALL               
      FFLU        ALL               
      CONT        ALL               
      MISC        ALL               


 SOLUTION MONITORING INFO IS WRITTEN TO FILE= file.mntr                                                                                                                                                                                                                                                           
 MAXIMUM NUMBER OF EQUILIBRIUM ITERATIONS HAS BEEN MODIFIED              
  TO BE, NEQIT = 1000, BY SOLUTION CONTROL LOGIC.                        

 RADIOSITY SOLVER CALCULATION
 ENCLOSURE NUMBER=   1
 RADIOSITY SOLVER CONVERGED AFTER   84 ITERATIONS
 TIME OF RADIOSITY SOLVER FOR ENCLOSURE=  0.156250E-01
 RAD FLUX CONVERGENCE VALUE=   1.00000     CRITERION=  0.100000E-03





            **** CENTER OF MASS, MASS, AND MASS MOMENTS OF INERTIA ****

  CALCULATIONS ASSUME ELEMENT MASS AT ELEMENT CENTROID

  TOTAL MASS =  0.71122E-03

                           MOM. OF INERTIA         MOM. OF INERTIA
  CENTER OF MASS            ABOUT ORIGIN        ABOUT CENTER OF MASS

  XC =   20.000          IXX =    4.044          IXX =    1.063    
  YC =   30.000          IYY =    3.570          IYY =   0.9443    
  ZC =   57.379          IZZ =    1.232          IZZ =   0.3072    
                         IXY =  -0.4267          IXY =   0.1721E-14
                         IYZ =   -1.224          IYZ =   0.1066E-13
                         IZX =  -0.8162          IZX =   0.1221E-14


  *** MASS SUMMARY BY ELEMENT TYPE ***

  TYPE      MASS
     1  0.387216E-03
     2  0.324000E-03

 Range of element maximum matrix coefficients in global coordinates
 Maximum = 21528.7678 at element 15375.                                  
 Minimum = 0.740885041 at element 10647.                                 

   *** ELEMENT MATRIX FORMULATION TIMES
     TYPE    NUMBER   ENAME      TOTAL CP  AVE CP

        1      5600  SOLID279      0.266   0.000047
        2      5600  SOLID279      0.266   0.000047
        3       560  CONTA174      0.047   0.000084
        4       560  TARGE170      0.000   0.000000
        5       280  SURF252       0.016   0.000056
        6       280  SURF252       0.000   0.000000
 Time at end of element matrix formulation CP = 3.96875.                 
     HT FLOW CONVERGENCE VALUE=  0.2092E+08  CRITERION=   2092.    

 DISTRIBUTED SPARSE MATRIX DIRECT SOLVER.
  Number of equations =       48960,    Maximum wavefront =     81


  Memory allocated on only this MPI rank (rank     0)
  -------------------------------------------------------------------
  Equation solver memory allocated                     =    78.755 MB
  Equation solver memory required for in-core mode     =    75.351 MB
  Equation solver memory required for out-of-core mode =    32.086 MB
  Total (solver and non-solver) memory allocated       =   660.399 MB


  Total memory summed across all MPI ranks on this machines
  -------------------------------------------------------------------
  Equation solver memory allocated                     =   309.069 MB
  Equation solver memory required for in-core mode     =   295.690 MB
  Equation solver memory required for out-of-core mode =   125.757 MB
  Total (solver and non-solver) memory allocated       =  1595.847 MB

 *** NOTE ***                            CP =       4.578   TIME= 13:22:30
 The Distributed Sparse Matrix Solver is currently running in the        
 in-core memory mode.  This memory mode uses the most amount of memory   
 in order to avoid using the hard drive as much as possible, which most  
 often results in the fastest solution time.  This mode is recommended   
 if enough physical memory is present to accommodate all of the solver   
 data.                                                                   
 Distributed sparse solver maximum pivot= 43059.0308 at node 50345 TEMP. 
 Distributed sparse solver minimum pivot= 0.456880422 at node 31433      
 TEMP.                                                                   
 Distributed sparse solver minimum pivot in absolute value= 0.456880422  
 at node 31433 TEMP.                                                     
    EQUIL ITER   1 COMPLETED.  NEW TRIANG MATRIX.  MAX DOF INC=   578.0    
     HT FLOW CONVERGENCE VALUE=  0.3898E-06  CRITERION=  0.2202     <<< CONVERGED
    >>> SOLUTION CONVERGED AFTER EQUILIBRIUM ITERATION   1

 RADIOSITY SOLVER CALCULATION
 ENCLOSURE NUMBER=   1
 RADIOSITY SOLVER CONVERGED AFTER  137 ITERATIONS
 TIME OF RADIOSITY SOLVER FOR ENCLOSURE=  0.156250E-01
 RAD FLUX CONVERGENCE VALUE=  0.986729     CRITERION=  0.100000E-03

     HT FLOW CONVERGENCE VALUE=   1522.      CRITERION=   3.134    
    EQUIL ITER   2 COMPLETED.  NEW TRIANG MATRIX.  MAX DOF INC=   2.941    
     HT FLOW CONVERGENCE VALUE=  0.2499E-06  CRITERION=   3.127     <<< CONVERGED
    >>> SOLUTION CONVERGED AFTER EQUILIBRIUM ITERATION   2

 RADIOSITY SOLVER CALCULATION
 ENCLOSURE NUMBER=   1
 RADIOSITY SOLVER CONVERGED AFTER   84 ITERATIONS
 TIME OF RADIOSITY SOLVER FOR ENCLOSURE=  0.156250E-01
 RAD FLUX CONVERGENCE VALUE=  0.134191E-01 CRITERION=  0.100000E-03

     HT FLOW CONVERGENCE VALUE=   154.2      CRITERION=   3.302    
    EQUIL ITER   3 COMPLETED.  NEW TRIANG MATRIX.  MAX DOF INC=  0.3100    
     HT FLOW CONVERGENCE VALUE=  0.2510E-06  CRITERION=   3.302     <<< CONVERGED
    >>> SOLUTION CONVERGED AFTER EQUILIBRIUM ITERATION   3

 RADIOSITY SOLVER CALCULATION
 ENCLOSURE NUMBER=   1
 RADIOSITY SOLVER CONVERGED AFTER   56 ITERATIONS
 TIME OF RADIOSITY SOLVER FOR ENCLOSURE=  0.156250E-01
 RAD FLUX CONVERGENCE VALUE=  0.141931E-02 CRITERION=  0.100000E-03

     HT FLOW CONVERGENCE VALUE=   17.08      CRITERION=   3.127    
    EQUIL ITER   4 COMPLETED.  NEW TRIANG MATRIX.  MAX DOF INC=  0.3425E-01
     HT FLOW CONVERGENCE VALUE=  0.2369E-06  CRITERION=   3.127     <<< CONVERGED
    >>> SOLUTION CONVERGED AFTER EQUILIBRIUM ITERATION   4

 RADIOSITY SOLVER CALCULATION
 ENCLOSURE NUMBER=   1
 RADIOSITY SOLVER CONVERGED AFTER   28 ITERATIONS
 TIME OF RADIOSITY SOLVER FOR ENCLOSURE=  0.156250E-01
 RAD FLUX CONVERGENCE VALUE=  0.154513E-03 CRITERION=  0.100000E-03

     HT FLOW CONVERGENCE VALUE=   1.792      CRITERION=   2.454     <<< CONVERGED
    >>> SOLUTION CONVERGED AFTER EQUILIBRIUM ITERATION   4

 RADIOSITY SOLVER CALCULATION
 ENCLOSURE NUMBER=   1
 RADIOSITY SOLVER CONVERGED AFTER    1 ITERATIONS
 TIME OF RADIOSITY SOLVER FOR ENCLOSURE=   0.00000    
 RAD FLUX CONVERGENCE VALUE=  0.206094E-05 CRITERION=  0.100000E-03

 RADIOSITY FLUX CONVERGED AFTER ITERATION=    6 SUBSTEP=    1

     HT FLOW CONVERGENCE VALUE=   1.801      CRITERION=   2.471     <<< CONVERGED
    >>> SOLUTION CONVERGED AFTER EQUILIBRIUM ITERATION   4

   *** ELEMENT RESULT CALCULATION TIMES
     TYPE    NUMBER   ENAME      TOTAL CP  AVE CP

        1      5600  SOLID279      0.188   0.000033
        2      5600  SOLID279      0.203   0.000036
        3       560  CONTA174      0.031   0.000056
        5       280  SURF252       0.000   0.000000
        6       280  SURF252       0.000   0.000000

   *** NODAL LOAD CALCULATION TIMES
     TYPE    NUMBER   ENAME      TOTAL CP  AVE CP

        1      5600  SOLID279      0.078   0.000014
        2      5600  SOLID279      0.062   0.000011
        3       560  CONTA174      0.000   0.000000
        5       280  SURF252       0.000   0.000000
        6       280  SURF252       0.000   0.000000
 *** LOAD STEP     1   SUBSTEP     1  COMPLETED.    CUM ITER =      4
 *** TIME =   1.00000         TIME INC =   1.00000    


 *** MAPDL BINARY FILE STATISTICS
  BUFFER SIZE USED= 16384
        0.938 MB WRITTEN ON ELEMENT SAVED DATA FILE: file0.esav
        6.688 MB WRITTEN ON ASSEMBLED MATRIX FILE: file0.full
        2.625 MB WRITTEN ON RESULTS FILE: file0.rth
 *************** Write FE CONNECTORS *********

 WRITE OUT CONSTRAINT EQUATIONS TO FILE= file.ce                                                                                                                                                                                                                                                             
 ****************************************************
 *************** FINISHED SOLVE FOR LS 1 *************

 *GET  _WALLASOL  FROM  ACTI  ITEM=TIME WALL  VALUE=  13.3763889    

 FINISH SOLUTION PROCESSING


 ***** ROUTINE COMPLETED *****  CP =         9.812



 *** MAPDL - ENGINEERING ANALYSIS SYSTEM  RELEASE 2024 R2          24.2     ***
 Ansys Mechanical Enterprise Academic Research     
 00611962  VERSION=WINDOWS x64   13:22:35  APR 28, 2025 CP=      9.812

 CLL251 project--Steady-State Thermal (A5)                                     



          ***** MAPDL RESULTS INTERPRETATION (POST1) *****

 *** NOTE ***                            CP =       9.812   TIME= 13:22:35
 Reading results into the database (SET command) will update the current 
 displacement and force boundary conditions in the database with the     
 values from the results file for that load set.  Note that any          
 subsequent solutions will use these values unless action is taken to    
 either SAVE the current values or not overwrite them (/EXIT,NOSAVE).    

 Set Encoding of XML File to:ISO-8859-1

 Set Output of XML File to:
     PARM,     ,     ,     ,     ,     ,     ,     ,     ,     ,     ,     ,
         ,     ,     ,     ,     ,     ,     ,

 DATABASE WRITTEN ON FILE  parm.xml                                                                                                                                                                                                                                                            

 EXIT THE MAPDL POST1 DATABASE PROCESSOR


 ***** ROUTINE COMPLETED *****  CP =         9.812



 PRINTOUT RESUMED BY /GOP

 *GET  _WALLDONE  FROM  ACTI  ITEM=TIME WALL  VALUE=  13.3763889    

 PARAMETER _PREPTIME =     0.000000000    

 PARAMETER _SOLVTIME =     6.000000000    

 PARAMETER _POSTTIME =     0.000000000    

 PARAMETER _TOTALTIM =     6.000000000    

 *GET  _DLBRATIO  FROM  ACTI  ITEM=SOLU DLBR  VALUE=  1.16451196    

 *GET  _COMBTIME  FROM  ACTI  ITEM=SOLU COMB  VALUE= 0.892576000E-01

 *GET  _SSMODE   FROM  ACTI  ITEM=SOLU SSMM  VALUE=  2.00000000    

 *GET  _NDOFS    FROM  ACTI  ITEM=SOLU NDOF  VALUE=  48960.0000    

 /FCLEAN COMMAND REMOVING ALL LOCAL FILES
 --- Total number of nodes = 50779
 --- Total number of elements = 12320
 --- Element load balance ratio = 1.16451196
 --- Time to combine distributed files = 8.92576E-02
 --- Sparse memory mode = 2
 --- Number of DOF = 48960

 EXIT MAPDL WITHOUT SAVING DATABASE


 NUMBER OF WARNING MESSAGES ENCOUNTERED=          1
 NUMBER OF ERROR   MESSAGES ENCOUNTERED=          0

+--------------------- M A P D L   S T A T I S T I C S ------------------------+

Release: 2024 R2            Build: 24.2       Update: UP20240603   Platform: WINDOWS x64 
Date Run: 04/28/2025   Time: 13:22     Process ID: 18420
Operating System: Windows 10  (Build: 19045)

Processor Model: AMD Ryzen 5 1600 Six-Core Processor

Compiler: Intel(R) Fortran Compiler Classic Version 2021.9  (Build: 20230302)
          Intel(R) C/C++ Compiler Classic Version 2021.9  (Build: 20230302)
          AOCL-BLAS 4.2.1 Build 20240304

Number of machines requested            :    1
Total number of cores available         :   12
Number of physical cores available      :    6
Number of processes requested           :    4
Number of threads per process requested :    1
Total number of cores requested         :    4 (Distributed Memory Parallel)               
MPI Type: INTELMPI
MPI Version: Intel(R) MPI Library 2021.11 for Windows* OS


GPU Acceleration: Not Requested

Job Name: file0
Input File: dummy.dat

  Core                Machine Name   Working Directory
 -----------------------------------------------------
     0             DESKTOP-BU7AQPA   C:\Users\Maaz Akhtar\Desktop\_ProjectScratch\ScrBBF8
     1             DESKTOP-BU7AQPA   C:\Users\Maaz Akhtar\Desktop\_ProjectScratch\ScrBBF8
     2             DESKTOP-BU7AQPA   C:\Users\Maaz Akhtar\Desktop\_ProjectScratch\ScrBBF8
     3             DESKTOP-BU7AQPA   C:\Users\Maaz Akhtar\Desktop\_ProjectScratch\ScrBBF8
 
Latency time from master to core     1 =    3.596 microseconds
Latency time from master to core     2 =    3.496 microseconds
Latency time from master to core     3 =    3.672 microseconds
 
Communication speed from master to core     1 =  3101.42 MB/sec
Communication speed from master to core     2 =  2782.10 MB/sec
Communication speed from master to core     3 =  2740.81 MB/sec

Total CPU time for main thread                    :        7.1 seconds
Total CPU time summed for all threads             :       10.6 seconds

Elapsed time spent obtaining a license            :        0.4 seconds
Elapsed time spent pre-processing model (/PREP7)  :        0.2 seconds
Elapsed time spent solution - preprocessing       :        0.4 seconds
Elapsed time spent computing solution             :        5.4 seconds
Elapsed time spent solution - postprocessing      :        0.1 seconds
Elapsed time spent post-processing model (/POST1) :        0.0 seconds
 
Equation solver used                              :            Sparse (symmetric)
Equation solver computational rate                :       35.9 Gflops
Equation solver effective I/O rate                :       12.4 GB/sec

Sum of disk space used on all processes           :       54.2 MB

Sum of memory used on all processes               :      737.0 MB
Sum of memory allocated on all processes          :     3246.0 MB
Physical memory available                         :          8 GB
Total amount of I/O written to disk               :        0.1 GB
Total amount of I/O read from disk                :        0.1 GB

+------------------ E N D   M A P D L   S T A T I S T I C S -------------------+


 *-----------------------------------------------------------------------------*
 |                                                                             |
 |                               RUN COMPLETED                                 |
 |                                                                             |
 |-----------------------------------------------------------------------------|
 |                                                                             |
 |  Ansys MAPDL 2024 R2         Build 24.2         UP20240603    WINDOWS x64   |
 |                                                                             |
 |-----------------------------------------------------------------------------|
 |                                                                             |
 |  Database Requested(-db)     1024 MB     Scratch Memory Requested   1024 MB |
 |  Max Database Used(Master)     29 MB     Max Scratch Used(Master)    183 MB |
 |  Max Database Used(Workers)     1 MB     Max Scratch Used(Workers)   177 MB |
 |  Sum Database Used(All)        32 MB     Sum Scratch Used(All)       705 MB |
 |                                                                             |
 |-----------------------------------------------------------------------------|
 |                                                                             |
 |        CP Time      (sec) =         10.562       Time  =  13:22:37          |
 |        Elapsed Time (sec) =         10.000       Date  =  04/28/2025        |
 |                                                                             |
 *-----------------------------------------------------------------------------*
