
 Ansys Mechanical Enterprise Academic Research     


 *------------------------------------------------------------------*
 |                                                                  |
 |   W E L C O M E   T O   T H E   A N S Y S (R)  P R O G R A M     |
 |                                                                  |
 *------------------------------------------------------------------*




 ***************************************************************
 *         ANSYS MAPDL 2024 R2          LEGAL NOTICES          *
 ***************************************************************
 *                                                             *
 * Copyright 1971-2024 Ansys, Inc.  All rights reserved.       *
 * Unauthorized use, distribution or duplication is            *
 * prohibited.                                                 *
 *                                                             *
 * Ansys is a registered trademark of Ansys, Inc. or its       *
 * subsidiaries in the United States or other countries.       *
 * See the Ansys, Inc. online documentation or the Ansys, Inc. *
 * documentation CD or online help for the complete Legal      *
 * Notice.                                                     *
 *                                                             *
 ***************************************************************
 *                                                             *
 * THIS ANSYS SOFTWARE PRODUCT AND PROGRAM DOCUMENTATION       *
 * INCLUDE TRADE SECRETS AND CONFIDENTIAL AND PROPRIETARY      *
 * PRODUCTS OF ANSYS, INC., ITS SUBSIDIARIES, OR LICENSORS.    *
 * The software products and documentation are furnished by    *
 * Ansys, Inc. or its subsidiaries under a software license    *
 * agreement that contains provisions concerning               *
 * non-disclosure, copying, length and nature of use,          *
 * compliance with exporting laws, warranties, disclaimers,    *
 * limitations of liability, and remedies, and other           *
 * provisions.  The software products and documentation may be *
 * used, disclosed, transferred, or copied only in accordance  *
 * with the terms and conditions of that software license      *
 * agreement.                                                  *
 *                                                             *
 * Ansys, Inc. is a UL registered                              *
 * ISO 9001:2015 company.                                      *
 *                                                             *
 ***************************************************************
 *                                                             *
 * This product is subject to U.S. laws governing export and   *
 * re-export.                                                  *
 *                                                             *
 * For U.S. Government users, except as specifically granted   *
 * by the Ansys, Inc. software license agreement, the use,     *
 * duplication, or disclosure by the United States Government  *
 * is subject to restrictions stated in the Ansys, Inc.        *
 * software license agreement and FAR 12.212 (for non-DOD      *
 * licenses).                                                  *
 *                                                             *
 ***************************************************************

 2024 R2 
     
 Point Releases and Patches installed:   
     
 Ansys, Inc. License Manager 2024 R2 
 Viewer 2024 R2  
 Discovery 2024 R2   
 Core WB Files 2024 R2   
 SpaceClaim 2024 R2  
 Icepak (includes CFD-Post) 2024 R2  
 Ansys Dynamic Reporting 2024 R2 
 CFD-Post only 2024 R2   
 CFX (includes CFD-Post) 2024 R2 
 Chemkin 2024 R2 
 EnSight 2024 R2 
 FENSAP-ICE 2024 R2  
 Fluent (includes CFD-Post) 2024 R2  
 Polyflow (includes CFD-Post) 2024 R2
 Forte (includes EnSight) 2024 R2
 ICEM CFD 2024 R2
 TurboGrid 2024 R2   
 Speos 2024 R2   
 Speos HPC 2024 R2   
 Zemax OpticStudio 2024 R2   
 optiSLang 2024 R2   
 Remote Solve Manager Standalone Services 2024 R2
 Additive 2024 R2
 Aqwa 2024 R2
 Autodyn 2024 R2 
 Customization Files for User Programmable Features 2024 R2  
 LS-DYNA 2024 R2 
 Material Calibration App 2024 R2
 Mechanical Products 2024 R2 
 Motion 2024 R2  
 Sherlock 2024 R2
 Sound - SAS 2024 R2 
 ACIS Geometry Interface 2024 R2 
 AutoCAD Geometry Interface 2024 R2  
 Catia, Version 4 Geometry Interface 2024 R2 
 Catia, Version 5 Geometry Interface 2024 R2 
 Catia, Version 6 Geometry Interface 2024 R2 
 Creo Elements/Direct Modeling Geometry Interface 2024 R2
 Creo Parametric Geometry Interface 2024 R2  
 Inventor Geometry Interface 2024 R2 
 JTOpen Geometry Interface 2024 R2   
 NX Geometry Interface 2024 R2   
 Parasolid Geometry Interface  2024 R2   
 Solid Edge Geometry Interface 2024 R2   
 SOLIDWORKS Geometry Interface 2024 R2   


          *****  MAPDL COMMAND LINE ARGUMENTS  *****
  BATCH MODE REQUESTED (-b)    = NOLIST
  INPUT FILE COPY MODE (-c)    = COPY
  DISTRIBUTED MEMORY PARALLEL REQUESTED
       4 PARALLEL PROCESSES REQUESTED WITH SINGLE THREAD PER PROCESS
    TOTAL OF     4 CORES REQUESTED
  INPUT FILE NAME              = C:\Users\Maaz Akhtar\Desktop\_ProjectScratch\ScrB68D\dummy.dat
  OUTPUT FILE NAME             = C:\Users\Maaz Akhtar\Desktop\_ProjectScratch\ScrB68D\solve.out
  START-UP FILE MODE           = NOREAD
  STOP FILE MODE               = NOREAD

 RELEASE= 2024 R2              BUILD= 24.2      UP20240603   VERSION=WINDOWS x64 
 CURRENT JOBNAME=file0  13:22:19  APR 28, 2025 CP=      0.078


 PARAMETER _DS_PROGRESS =     999.0000000    

 /INPUT FILE= ds.dat  LINE=       0



 *** NOTE ***                            CP =       0.453   TIME= 13:22:19
 The /CONFIG,NOELDB command is not valid in a distributed memory         
 parallel solution.  Command is ignored.                                 

 *GET  _WALLSTRT  FROM  ACTI  ITEM=TIME WALL  VALUE=  13.3719444    

 TITLE= 
 CLL251 project--Steady-State Thermal (A5)                                     

  ACT Extensions:
      LSDYNA, 2024.2
      5f463412-bd3e-484b-87e7-cbc0a665e474, wbex
 /COM,     ANSYSMotion, 2024.2
      20180725-3f81-49eb-9f31-41364844c769, wbex
  

 SET PARAMETER DIMENSIONS ON  _WB_PROJECTSCRATCH_DIR
  TYPE=STRI  DIMENSIONS=      248        1        1

 PARAMETER _WB_PROJECTSCRATCH_DIR(1) = C:\Users\Maaz Akhtar\Desktop\_ProjectScratch\ScrB68D\

 SET PARAMETER DIMENSIONS ON  _WB_SOLVERFILES_DIR
  TYPE=STRI  DIMENSIONS=      248        1        1

 PARAMETER _WB_SOLVERFILES_DIR(1) = C:\Users\Maaz Akhtar\Desktop\CLL251 project_files\dp0\global\MECH\SYS\Contact Tool\

 SET PARAMETER DIMENSIONS ON  _WB_USERFILES_DIR
  TYPE=STRI  DIMENSIONS=      248        1        1

 PARAMETER _WB_USERFILES_DIR(1) = C:\Users\Maaz Akhtar\Desktop\CLL251 project_files\user_files\
 --- Data in consistent NMM units. See Solving Units in the help system for more

 MPA UNITS SPECIFIED FOR INTERNAL    
  LENGTH      = MILLIMETERS (mm)
  MASS        = TONNE (Mg)
  TIME        = SECONDS (sec)
  TEMPERATURE = CELSIUS (C)
  TOFFSET     = 273.0
  FORCE       = NEWTON (N)
  HEAT        = MILLIJOULES (mJ)

 INPUT  UNITS ARE ALSO SET TO MPA 

 *** MAPDL - ENGINEERING ANALYSIS SYSTEM  RELEASE 2024 R2          24.2     ***
 Ansys Mechanical Enterprise Academic Research     
 00611962  VERSION=WINDOWS x64   13:22:19  APR 28, 2025 CP=      0.484

 CLL251 project--Steady-State Thermal (A5)                                     



          ***** MAPDL ANALYSIS DEFINITION (PREP7) *****
 *********** Nodes for the whole assembly ***********
 *********** Elements for Body 1 'alm' ***********
 *********** Elements for Body 2 'teflon' ***********
 *********** Send User Defined Coordinate System(s) ***********
 *********** Send Materials ***********
 *********** Create Contact "Contact Region" ***********
             Real Constant Set For Above Contact Is 4 & 3


 ***** ROUTINE COMPLETED *****  CP =         1.391


 --- Number of total nodes = 50778
 --- Number of contact elements = 1120
 --- Number of spring elements = 0
 --- Number of bearing elements = 0
 --- Number of solid elements = 11200
 --- Number of condensed parts = 0
 --- Number of total elements = 12320

 *GET  _WALLBSOL  FROM  ACTI  ITEM=TIME WALL  VALUE=  13.3719444    

 *****  MAPDL SOLUTION ROUTINE  *****

 DO NOT SAVE ANY RESTART FILES AT ALL

 ERASE THE CURRENT DATABASE OUTPUT CONTROL TABLE.


 WRITE ALL  ITEMS TO THE DATABASE WITH A FREQUENCY OF NONE
   FOR ALL APPLICABLE ENTITIES

 WRITE NSOL ITEMS TO THE DATABASE WITH A FREQUENCY OF LAST
   FOR ALL APPLICABLE ENTITIES

 WRITE STRS ITEMS TO THE DATABASE WITH A FREQUENCY OF LAST
   FOR ALL APPLICABLE ENTITIES

 WRITE CONT ITEMS TO THE DATABASE WITH A FREQUENCY OF LAST
   FOR ALL APPLICABLE ENTITIES

 WRITE EANG ITEMS TO THE DATABASE WITH A FREQUENCY OF LAST
   FOR ALL APPLICABLE ENTITIES

 WRITE VENG ITEMS TO THE DATABASE WITH A FREQUENCY OF LAST
   FOR ALL APPLICABLE ENTITIES

 WRITE ETMP ITEMS TO THE DATABASE WITH A FREQUENCY OF LAST
   FOR ALL APPLICABLE ENTITIES

 NLDIAG: Nonlinear diagnostics CONT option is set to ON. 
         Writing frequency : each ITERATION.

 CONTACT INFORMATION PRINTOUT LEVEL       1

 SELECT       FOR ITEM=ENAM COMPONENT=    
  IN RANGE       169 TO        177 STEP          1

       1120  ELEMENTS (OF      12320  DEFINED) SELECTED BY  ESEL  COMMAND.

 SELECT      ALL NODES HAVING ANY ELEMENT IN ELEMENT SET.

       1818 NODES (OF      50778  DEFINED) SELECTED FROM
     1120 SELECTED ELEMENTS BY NSLE COMMAND.

 SELECT      ALL ELEMENTS HAVING ANY NODE IN NODAL SET.

       1680 ELEMENTS (OF      12320  DEFINED) SELECTED FROM
     1818 SELECTED NODES BY  ESLN COMMAND.

 SELECT      ALL NODES HAVING ANY ELEMENT IN ELEMENT SET.

       4266 NODES (OF      50778  DEFINED) SELECTED FROM
     1680 SELECTED ELEMENTS BY NSLE COMMAND.

 CHECK INITIAL OPEN/CLOSED STATUS OF SELECTED CONTACT ELEMENTS
      AND POST INITIAL CONTACT STATUS

 *** SELECTION OF ELEMENT TECHNOLOGIES FOR APPLICABLE ELEMENTS ***
      --- GIVE SUGGESTIONS AND RESET THE KEY OPTIONS ---

 ELEMENT TYPE         1 IS SOLID186. KEYOPT(2) IS ALREADY SET AS SUGGESTED AND NO
 RESETTING IS NEEDED.

 ELEMENT TYPE         2 IS SOLID186. KEYOPT(2) IS ALREADY SET AS SUGGESTED AND NO
 RESETTING IS NEEDED.



 *** NOTE ***                            CP =       1.625   TIME= 13:22:20
 The conditions for direct assembly have been met.  No .emat or .erot    
 files will be produced.                                                 

 SOLUTION MONITORING INFO IS WRITTEN TO FILE= file.mntr                                                                                                                                                                                                                                                           

 *** NOTE ***                            CP =       2.547   TIME= 13:22:20
 Symmetric Deformable- deformable contact pair identified by real        
 constant set 3 and contact element type 3 has been set up.  The         
 companion pair has real constant set ID 4.  Both pairs should have the  
 same behavior.                                                          
 *WARNING*: The contact pairs have similar mesh patterns.  MAPDL will    
 keep the current pair and deactivate its companion pair.                
 Contact algorithm: MPC based approach

 *** NOTE ***                            CP =       2.547   TIME= 13:22:20
 Contact related postprocess items (ETABLE, pressure ...) are not        
 available.                                                              
 Contact detection at: nodal point (normal to target surface)
 MPC will be built internally to handle bonded contact.
 Average contact surface length                2.9649    
 Average contact pair depth                    3.0000    
 Average target surface length                 2.9286    
 User defined pinball region PINB             0.35021    
 Default target edge extension factor TOLS     2.0000    
 Initial penetration/gap is excluded.
 Bonded contact (always) is defined.

 *** NOTE ***                            CP =       2.547   TIME= 13:22:20
 Min.  Initial gap 0.1 was detected between contact element 15321 and    
 target element 15899.                                                   
 Contact is detected due to initial settings.                            
 ****************************************
  

 *** NOTE ***                            CP =       2.547   TIME= 13:22:20
 Symmetric Deformable- deformable contact pair identified by real        
 constant set 4 and contact element type 3 has been set up.  The         
 companion pair has real constant set ID 3.  Both pairs should have the  
 same behavior.                                                          
 MAPDL will deactivate the current pair and keep its companion pair,     
 resulting in asymmetric contact.                                        
 Auto surface constraint is built
 Contact algorithm: MPC based approach

 *** NOTE ***                            CP =       2.547   TIME= 13:22:20
 Contact related postprocess items (ETABLE, pressure ...) are not        
 available.                                                              
 Contact detection at: nodal point (normal to target surface)
 MPC will be built internally to handle bonded contact.
 Average contact surface length                2.9649    
 Average contact pair depth                    3.0000    
 Average target surface length                 2.9286    
 User defined pinball region PINB             0.35021    
 Default target edge extension factor TOLS     2.0000    
 Initial penetration/gap is excluded.
 Bonded contact (always) is defined.

 *** NOTE ***                            CP =       2.547   TIME= 13:22:20
 Min.  Initial gap 0.1 was detected between contact element 15701 and    
 target element 15160.                                                   
 Contact is detected due to initial settings.                            
 ****************************************
  
  
  

  
 The FEA model contains 0 external CE equations and 2727 internal CE     
 equations.                                                              
  
 *************************************************
  SUMMARY FOR CONTACT PAIR IDENTIFIED BY REAL CONSTANT SET           3
 Max.  Penetration of 0 has been detected between contact element 15321  
 and target element 15899.                                               
  
 Max.  Geometrical gap of 0.1 has been detected between contact element  
 15339 and target element 15881.                                         
 For total 280 contact elements, there are 280 elements are in contact.  
 There are 280 elements are in sticking.                                 
 Max.  Pinball distance 0.350214304.                                     
 One of the contact searching regions contains at least 9 target         
 elements.                                                               
 *************************************************
  
 *************************************************
  SUMMARY FOR CONTACT PAIR IDENTIFIED BY REAL CONSTANT SET           4

 *** NOTE ***                            CP =       2.891   TIME= 13:22:20
 Contact pair is inactive.                                               



            **** CENTER OF MASS, MASS, AND MASS MOMENTS OF INERTIA ****

  CALCULATIONS ASSUME ELEMENT MASS AT ELEMENT CENTROID

  TOTAL MASS =  0.35561E-04

                           MOM. OF INERTIA         MOM. OF INERTIA
  CENTER OF MASS            ABOUT ORIGIN        ABOUT CENTER OF MASS

  XC =   20.000          IXX =   0.1704          IXX =   0.1073E-01
  YC =   30.000          IYY =   0.1467          IYY =   0.4802E-02
  ZC =   59.912          IZZ =   0.6159E-01      IZZ =   0.1536E-01
                         IXY =  -0.2134E-01      IXY =  -0.8674E-16
                         IYZ =  -0.6392E-01      IYZ =  -0.3053E-15
                         IZX =  -0.4261E-01      IZX =  -0.3261E-15


  *** MASS SUMMARY BY ELEMENT TYPE ***

  TYPE      MASS
     1  0.193608E-04
     2  0.162000E-04

   *** ELEMENT MATRIX FORMULATION TIMES
     TYPE    NUMBER   ENAME      TOTAL CP  AVE CP

        1       280  SOLID186      0.250   0.000893
        2       280  SOLID186      0.000   0.000000
        3       560  CONTA174      0.500   0.000893
        4       560  TARGE170      0.000   0.000000
 Time at end of element matrix formulation CP = 2.890625.                

   *** ELEMENT RESULT CALCULATION TIMES
     TYPE    NUMBER   ENAME      TOTAL CP  AVE CP

        3       560  CONTA174      0.062   0.000112

   *** NODAL LOAD CALCULATION TIMES
     TYPE    NUMBER   ENAME      TOTAL CP  AVE CP

        3       560  CONTA174      0.188   0.000335

 FINISH SOLUTION PROCESSING


 ***** ROUTINE COMPLETED *****  CP =         3.375



 *GET  _WALLASOL  FROM  ACTI  ITEM=TIME WALL  VALUE=  13.3722222    

 PRINTOUT RESUMED BY /GOP

 *GET  _WALLDONE  FROM  ACTI  ITEM=TIME WALL  VALUE=  13.3722222    

 PARAMETER _PREPTIME =     0.000000000    

 PARAMETER _SOLVTIME =     1.000000000    

 PARAMETER _POSTTIME =     0.000000000    

 PARAMETER _TOTALTIM =     1.000000000    

 *GET  _DLBRATIO  FROM  ACTI  ITEM=SOLU DLBR  VALUE=  0.00000000    

 *GET  _COMBTIME  FROM  ACTI  ITEM=SOLU COMB  VALUE=  0.00000000    

 *GET  _SSMODE   FROM  ACTI  ITEM=SOLU SSMM  VALUE=  0.00000000    

 *GET  _NDOFS    FROM  ACTI  ITEM=SOLU NDOF  VALUE=  0.00000000    
 --- Total number of nodes = 50778
 --- Total number of elements = 12320
 --- Element load balance ratio = 0
 --- Time to combine distributed files = 0
 --- Sparse memory mode = 0
 --- Number of DOF = 0

 EXIT MAPDL WITHOUT SAVING DATABASE


 NUMBER OF WARNING MESSAGES ENCOUNTERED=          0
 NUMBER OF ERROR   MESSAGES ENCOUNTERED=          0

+--------------------- M A P D L   S T A T I S T I C S ------------------------+

Release: 2024 R2            Build: 24.2       Update: UP20240603   Platform: WINDOWS x64 
Date Run: 04/28/2025   Time: 13:22     Process ID: 24500
Operating System: Windows 10  (Build: 19045)

Processor Model: AMD Ryzen 5 1600 Six-Core Processor

Compiler: Intel(R) Fortran Compiler Classic Version 2021.9  (Build: 20230302)
          Intel(R) C/C++ Compiler Classic Version 2021.9  (Build: 20230302)
          AOCL-BLAS 4.2.1 Build 20240304

Number of machines requested            :    1
Total number of cores available         :   12
Number of physical cores available      :    6
Number of processes requested           :    4
Number of threads per process requested :    1
Total number of cores requested         :    4 (Distributed Memory Parallel)               
MPI Type: INTELMPI
MPI Version: Intel(R) MPI Library 2021.11 for Windows* OS


GPU Acceleration: Not Requested

Job Name: file0
Input File: dummy.dat

  Core                Machine Name   Working Directory
 -----------------------------------------------------
     0             DESKTOP-BU7AQPA   C:\Users\Maaz Akhtar\Desktop\_ProjectScratch\ScrB68D
     1             DESKTOP-BU7AQPA   C:\Users\Maaz Akhtar\Desktop\_ProjectScratch\ScrB68D
     2             DESKTOP-BU7AQPA   C:\Users\Maaz Akhtar\Desktop\_ProjectScratch\ScrB68D
     3             DESKTOP-BU7AQPA   C:\Users\Maaz Akhtar\Desktop\_ProjectScratch\ScrB68D
 
Latency time from master to core     1 =    3.411 microseconds
Latency time from master to core     2 =    3.589 microseconds
Latency time from master to core     3 =    3.495 microseconds
 
Communication speed from master to core     1 =  2373.73 MB/sec
Communication speed from master to core     2 =  2787.06 MB/sec
Communication speed from master to core     3 =  2806.44 MB/sec

Total CPU time for main thread                    :        1.5 seconds
Total CPU time summed for all threads             :        3.7 seconds

Elapsed time spent obtaining a license            :        0.5 seconds
Elapsed time spent pre-processing model (/PREP7)  :        0.2 seconds
Elapsed time spent solution - preprocessing       :        0.1 seconds
Elapsed time spent computing solution             :        0.0 seconds
Elapsed time spent solution - postprocessing      :        0.0 seconds
Elapsed time spent post-processing model (/POST1) :        0.0 seconds
 
Equation solver used                              :            Sparse (symmetric)

Sum of disk space used on all processes           :       10.1 MB

Sum of memory used on all processes               :       67.0 MB
Sum of memory allocated on all processes          :     2880.0 MB
Physical memory available                         :          8 GB
Total amount of I/O written to disk               :        0.0 GB
Total amount of I/O read from disk                :        0.0 GB

+------------------ E N D   M A P D L   S T A T I S T I C S -------------------+


 *-----------------------------------------------------------------------------*
 |                                                                             |
 |                               RUN COMPLETED                                 |
 |                                                                             |
 |-----------------------------------------------------------------------------|
 |                                                                             |
 |  Ansys MAPDL 2024 R2         Build 24.2         UP20240603    WINDOWS x64   |
 |                                                                             |
 |-----------------------------------------------------------------------------|
 |                                                                             |
 |  Database Requested(-db)     1024 MB     Scratch Memory Requested   1024 MB |
 |  Max Database Used(Master)     26 MB     Max Scratch Used(Master)     23 MB |
 |  Max Database Used(Workers)     1 MB     Max Scratch Used(Workers)     5 MB |
 |  Sum Database Used(All)        29 MB     Sum Scratch Used(All)        38 MB |
 |                                                                             |
 |-----------------------------------------------------------------------------|
 |                                                                             |
 |        CP Time      (sec) =          3.734       Time  =  13:22:22          |
 |        Elapsed Time (sec) =          5.000       Date  =  04/28/2025        |
 |                                                                             |
 *-----------------------------------------------------------------------------*
